<?xml version="1.0" encoding="UTF-8"?>
<!-- Generated by org.testng.reporters.JUnitXMLReporter -->
<testsuite ignored="1" hostname="LAPTOP-OB14RN9G" failures="0" tests="3" name="Default test" time="5.637" errors="0" timestamp="2023-04-30T22:00:20 BST">
  <testcase classname="api.test.StoreTests" name="testPostOrder" time="4.229"/>
  <testcase classname="api.test.StoreTests" name="testGetOrderByOrderId" time="0.615"/>
  <testcase classname="api.test.StoreTests" name="testDeleteOrderById" time="0.571"/>
  <testcase classname="api.test.StoreTests" name="testUpdateOrderByOrderId" time="0.0">
    <ignored/>
  </testcase> <!-- testUpdateOrderByOrderId -->
</testsuite> <!-- Default test -->
