<?xml version="1.0" encoding="UTF-8"?>
<testng-results ignored="1" total="4" passed="3" failed="0" skipped="0">
  <reporter-output>
  </reporter-output>
  <suite started-at="2023-04-30T22:00:15 BST" name="Default suite" finished-at="2023-04-30T22:00:20 BST" duration-ms="5637">
    <groups>
    </groups>
    <test started-at="2023-04-30T22:00:15 BST" name="Default test" finished-at="2023-04-30T22:00:20 BST" duration-ms="5637">
      <class name="api.test.StoreTests">
        <test-method is-config="true" signature="setup()[pri:0, instance:api.test.StoreTests@4310d43]" started-at="2023-04-30T22:00:15 BST" name="setup" finished-at="2023-04-30T22:00:15 BST" duration-ms="115" status="PASS">
          <reporter-output>
          </reporter-output>
        </test-method> <!-- setup -->
        <test-method signature="testPostOrder()[pri:1, instance:api.test.StoreTests@4310d43]" started-at="2023-04-30T22:00:15 BST" name="testPostOrder" finished-at="2023-04-30T22:00:19 BST" duration-ms="4229" status="PASS">
          <reporter-output>
          </reporter-output>
        </test-method> <!-- testPostOrder -->
        <test-method signature="testGetOrderByOrderId()[pri:2, instance:api.test.StoreTests@4310d43]" started-at="2023-04-30T22:00:19 BST" name="testGetOrderByOrderId" finished-at="2023-04-30T22:00:20 BST" duration-ms="615" status="PASS">
          <reporter-output>
          </reporter-output>
        </test-method> <!-- testGetOrderByOrderId -->
        <test-method signature="testDeleteOrderById()[pri:4, instance:api.test.StoreTests@4310d43]" started-at="2023-04-30T22:00:20 BST" name="testDeleteOrderById" finished-at="2023-04-30T22:00:20 BST" duration-ms="571" status="PASS">
          <reporter-output>
          </reporter-output>
        </test-method> <!-- testDeleteOrderById -->
      </class> <!-- api.test.StoreTests -->
    </test> <!-- Default test -->
  </suite> <!-- Default suite -->
</testng-results>
